0 info it worked if it ends with ok
1 verbose cli [ '/home/vagrant/.nvm/versions/node/v6.9.5/bin/node',
1 verbose cli   '/home/vagrant/.nvm/versions/node/v6.9.5/bin/npm',
1 verbose cli   'run',
1 verbose cli   'test' ]
2 info using npm@3.10.10
3 info using node@v6.9.5
4 verbose run-script [ 'pretest', 'test', 'posttest' ]
5 info lifecycle webpack-notes@1.0.0~pretest: webpack-notes@1.0.0
6 silly lifecycle webpack-notes@1.0.0~pretest: no script for pretest, continuing
7 info lifecycle webpack-notes@1.0.0~test: webpack-notes@1.0.0
8 verbose lifecycle webpack-notes@1.0.0~test: unsafe-perm in lifecycle true
9 verbose lifecycle webpack-notes@1.0.0~test: PATH: /home/vagrant/.nvm/versions/node/v6.9.5/lib/node_modules/npm/bin/node-gyp-bin:/vagrant/final/finals/node_modules/.bin:/home/vagrant/.nvm/versions/node/v6.9.5/bin:/home/vagrant/.rvm/gems/ruby-2.3.3/bin:/home/vagrant/.rvm/gems/ruby-2.3.3@global/bin:/home/vagrant/.rvm/rubies/ruby-2.3.3/bin:/usr/local/sbin:/usr/local/bin:/usr/sbin:/usr/bin:/sbin:/bin:/usr/games:/usr/local/games:/home/vagrant/.rvm/bin:/home/vagrant/.rvm/bin
10 verbose lifecycle webpack-notes@1.0.0~test: CWD: /vagrant/final/finals
11 silly lifecycle webpack-notes@1.0.0~test: Args: [ '-c', 'testing' ]
12 info lifecycle webpack-notes@1.0.0~test: Failed to exec test script
13 verbose stack Error: webpack-notes@1.0.0 test: `testing`
13 verbose stack spawn ENOENT
13 verbose stack     at ChildProcess.<anonymous> (/home/vagrant/.nvm/versions/node/v6.9.5/lib/node_modules/npm/lib/utils/spawn.js:33:16)
13 verbose stack     at emitTwo (events.js:106:13)
13 verbose stack     at ChildProcess.emit (events.js:191:7)
13 verbose stack     at maybeClose (internal/child_process.js:877:16)
13 verbose stack     at Process.ChildProcess._handle.onexit (internal/child_process.js:226:5)
14 verbose pkgid webpack-notes@1.0.0
15 verbose cwd /vagrant/final/finals
16 error Linux 4.4.0-21-generic
17 error argv "/home/vagrant/.nvm/versions/node/v6.9.5/bin/node" "/home/vagrant/.nvm/versions/node/v6.9.5/bin/npm" "run" "test"
18 error node v6.9.5
19 error npm  v3.10.10
20 error file sh
21 error code ELIFECYCLE
22 error errno ENOENT
23 error syscall spawn
24 error webpack-notes@1.0.0 test: `testing`
24 error spawn ENOENT
25 error Failed at the webpack-notes@1.0.0 test script 'testing'.
25 error Make sure you have the latest version of node.js and npm installed.
25 error If you do, this is most likely a problem with the webpack-notes package,
25 error not with npm itself.
25 error Tell the author that this fails on your system:
25 error     testing
25 error You can get information on how to open an issue for this project with:
25 error     npm bugs webpack-notes
25 error Or if that isn't available, you can get their info via:
25 error     npm owner ls webpack-notes
25 error There is likely additional logging output above.
26 verbose exit [ 1, true ]
